<?xml version="1.0" encoding="UTF-8"?>
<!-- Generated by org.testng.reporters.JUnitReportReporter -->
<testsuite hostname="DESKTOP-0G8Q692" failures="0" tests="4" name="api.test.UserTestCase2" time="12.164" errors="0" timestamp="2023-10-12T10:14:28 IST" skipped="0">
  <testcase classname="api.test.UserTestCase2" name="testPostUser" time="5.525"/>
  <testcase classname="api.test.UserTestCase2" name="testGetUser" time="2.260"/>
  <testcase classname="api.test.UserTestCase2" name="testUpdateUser" time="3.033"/>
  <testcase classname="api.test.UserTestCase2" name="testDeleteUser" time="1.346"/>
</testsuite> <!-- api.test.UserTestCase2 -->
