<?xml version="1.0" encoding="UTF-8"?>
<!-- Generated by org.testng.reporters.JUnitReportReporter -->
<testsuite hostname="DESKTOP-0G8Q692" failures="0" tests="4" name="api.test.UserTestCase" time="13.228" errors="0" timestamp="2023-10-11T23:05:41 IST" skipped="0">
  <testcase classname="api.test.UserTestCase" name="testPostUser" time="4.283"/>
  <testcase classname="api.test.UserTestCase" name="testGetUser" time="2.143"/>
  <testcase classname="api.test.UserTestCase" name="testUpdateUser" time="5.077"/>
  <testcase classname="api.test.UserTestCase" name="testDeleteUser" time="1.725"/>
</testsuite> <!-- api.test.UserTestCase -->
