<?xml version="1.0" encoding="UTF-8"?>
<!-- Generated by org.testng.reporters.JUnitReportReporter -->
<testsuite hostname="DESKTOP-0G8Q692" failures="0" tests="4" name="api.test.UserTestCase2" time="14.519" errors="0" timestamp="2023-10-12T10:46:10 IST" skipped="0">
  <testcase classname="api.test.UserTestCase2" name="testPostUser" time="5.358"/>
  <testcase classname="api.test.UserTestCase2" name="testGetUser" time="2.204"/>
  <testcase classname="api.test.UserTestCase2" name="testUpdateUser" time="4.501"/>
  <testcase classname="api.test.UserTestCase2" name="testDeleteUser" time="2.456"/>
</testsuite> <!-- api.test.UserTestCase2 -->
